<?xml version="1.0" encoding="UTF-8"?>
<!-- Generated by org.testng.reporters.JUnitXMLReporter -->
<testsuite hostname="Shubho" ignored="0" name="Test2" tests="2" failures="0" timestamp="03 Apr 2019 22:04:40 GMT" time="48.296" errors="0">
  <testcase name="@BeforeTest beforeClass" time="48.196" classname="tests.ResumeUpdate">
    <failure type="org.openqa.selenium.WebDriverException" message="Failed to connect to binary FirefoxBinary(C:\Program Files\Mozilla Firefox\firefox.exe) on port 7055; process output follows: 
&amp;quot;location&amp;quot;:&amp;quot;app-system-defaults&amp;quot;}
1554329036234	addons.xpi-utils	DEBUG	Updating add-on states
1554329036237	addons.xpi	DEBUG	Calling bootstrap method startup on formautofill@mozilla.org version 1.0
1554329036240	addons.xpi	DEBUG	Calling bootstrap method startup on screenshots@mozilla.org version 35.0.0
1554329036241	addons.xpi	DEBUG	Calling bootstrap method startup on webcompat@mozilla.org version 3.0.0
1554329036244	addons.manager	DEBUG	Registering shutdown blocker for XPIProvider
1554329036244	addons.manager	DEBUG	Provider finished startup: XPIProvider
1554329036244	addons.manager	DEBUG	Starting provider: LightweightThemeManager
1554329036244	addons.manager	DEBUG	Registering shutdown blocker for LightweightThemeManager
1554329036245	addons.manager	DEBUG	Provider finished startup: LightweightThemeManager
1554329036245	addons.manager	DEBUG	Starting provider: GMPProvider
1554329036248	addons.manager	DEBUG	Registering shutdown blocker for GMPProvider
1554329036248	addons.manager	DEBUG	Provider finished startup: GMPProvider
1554329036249	addons.manager	DEBUG	Starting provider: PluginProvider
1554329036249	addons.manager	DEBUG	Registering shutdown blocker for PluginProvider
1554329036249	addons.manager	DEBUG	Provider finished startup: PluginProvider
1554329036256	addons.manager	DEBUG	Completed startup sequence
1554329038310	addons.repository	DEBUG	No addons.json found.
1554329039779	addons.manager	DEBUG	Registering upgrade listener for formautofill@mozilla.org
1554329039869	addons.xpi	DEBUG	Ignoring file: name is not a valid add-on ID: C:\Users\user\AppData\Local\Temp\anonymous3212434518169617219webdriver-profile\extensions\webdriver-staging
1554329039870	addons.xpi	DEBUG	Existing add-on formautofill@mozilla.org in app-system-defaults
1554329039870	addons.xpi	DEBUG	Existing add-on screenshots@mozilla.org in app-system-defaults
1554329039871	addons.xpi	DEBUG	Existing add-on webcompat-reporter@mozilla.org in app-system-defaults
1554329039871	addons.xpi	DEBUG	Existing add-on webcompat@mozilla.org in app-system-defaults
1554329039872	addons.xpi	DEBUG	Existing add-on mozilla_cc2@internetdownloadmanager.com in winreg-app-user
1554329039872	addons.xpi	DEBUG	Existing add-on mozilla_cc@internetdownloadmanager.com in winreg-app-user
1554329039873	addons.xpi	DEBUG	scanForChanges changed: false, state: {}
JavaScript error: resource://gre/modules/addons/XPIProvider.jsm, line 2625: TypeError: addon is null
1554329043195	addons.xpi	DEBUG	Calling bootstrap method shutdown on webcompat@mozilla.org version 3.0.0
1554329043209	addons.xpi	DEBUG	Calling bootstrap method shutdown on screenshots@mozilla.org version 35.0.0
1554329043219	addons.xpi	DEBUG	Calling bootstrap method shutdown on formautofill@mozilla.org version 1.0
[Parent 10872, Gecko_IOThread] WARNING: pipe error: 109: file z:/build/build/src/ipc/chromium/src/chrome/common/ipc_channel_win.cc, line 332
[Parent 10872, Gecko_IOThread] WARNING: pipe error: 109: file z:/build/build/src/ipc/chromium/src/chrome/common/ipc_channel_win.cc, line 332
[Parent 10872, Gecko_IOThread] WARNING: pipe error: 109: file z:/build/build/src/ipc/chromium/src/chrome/common/ipc_channel_win.cc, line 332
[Child 5556, Chrome_ChildThread] WARNING: pipe error: 109: file z:/build/build/src/ipc/chromium/src/chrome/common/ipc_channel_win.cc, line 332
[Child 5556, Chrome_ChildTh1554329043506	addons.manager	DEBUG	shutdown
1554329043508	addons.manager	DEBUG	Calling shutdown blocker for XPIProvider
1554329043508	addons.xpi	DEBUG	shutdown
1554329043509	addons.xpi-utils	DEBUG	shutdown
1554329043509	addons.manager	DEBUG	Calling shutdown blocker for LightweightThemeManager
1554329043509	addons.manager	DEBUG	Calling shutdown blocker for GMPProvider
1554329043509	addons.manager	DEBUG	Calling shutdown blocker for PluginProvider
1554329043516	addons.manager	DEBUG	Async provider shutdown done

###!!! [Child][RunMessage] Error: Channel closing: too late to send/recv, messages will be lost

[GPU 12748
###!!! [Child][MessageChannel::SendAndWait] Error: Channel error: cannot send/recv


Build info: version: &amp;apos;2.53.1&amp;apos;, revision: &amp;apos;a36b8b1cd5757287168e54b817830adce9b0158d&amp;apos;, time: &amp;apos;2016-06-30 19:26:09&amp;apos;
System info: host: &amp;apos;Shubho&amp;apos;, ip: &amp;apos;192.168.111.1&amp;apos;, os.name: &amp;apos;Windows 10&amp;apos;, os.arch: &amp;apos;amd64&amp;apos;, os.version: &amp;apos;10.0&amp;apos;, java.version: &amp;apos;1.8.0_181&amp;apos;
Driver info: driver.version: FirefoxDriver">
      <![CDATA[org.openqa.selenium.WebDriverException: Failed to connect to binary FirefoxBinary(C:\Program Files\Mozilla Firefox\firefox.exe) on port 7055; process output follows: 
"location":"app-system-defaults"}
1554329036234addons.xpi-utilsDEBUGUpdating add-on states
1554329036237addons.xpiDEBUGCalling bootstrap method startup on formautofill@mozilla.org version 1.0
1554329036240addons.xpiDEBUGCalling bootstrap method startup on screenshots@mozilla.org version 35.0.0
1554329036241addons.xpiDEBUGCalling bootstrap method startup on webcompat@mozilla.org version 3.0.0
1554329036244addons.managerDEBUGRegistering shutdown blocker for XPIProvider
1554329036244addons.managerDEBUGProvider finished startup: XPIProvider
1554329036244addons.managerDEBUGStarting provider: LightweightThemeManager
1554329036244addons.managerDEBUGRegistering shutdown blocker for LightweightThemeManager
1554329036245addons.managerDEBUGProvider finished startup: LightweightThemeManager
1554329036245addons.managerDEBUGStarting provider: GMPProvider
1554329036248addons.managerDEBUGRegistering shutdown blocker for GMPProvider
1554329036248addons.managerDEBUGProvider finished startup: GMPProvider
1554329036249addons.managerDEBUGStarting provider: PluginProvider
1554329036249addons.managerDEBUGRegistering shutdown blocker for PluginProvider
1554329036249addons.managerDEBUGProvider finished startup: PluginProvider
1554329036256addons.managerDEBUGCompleted startup sequence
1554329038310addons.repositoryDEBUGNo addons.json found.
1554329039779addons.managerDEBUGRegistering upgrade listener for formautofill@mozilla.org
1554329039869addons.xpiDEBUGIgnoring file: name is not a valid add-on ID: C:\Users\user\AppData\Local\Temp\anonymous3212434518169617219webdriver-profile\extensions\webdriver-staging
1554329039870addons.xpiDEBUGExisting add-on formautofill@mozilla.org in app-system-defaults
1554329039870addons.xpiDEBUGExisting add-on screenshots@mozilla.org in app-system-defaults
1554329039871addons.xpiDEBUGExisting add-on webcompat-reporter@mozilla.org in app-system-defaults
1554329039871addons.xpiDEBUGExisting add-on webcompat@mozilla.org in app-system-defaults
1554329039872addons.xpiDEBUGExisting add-on mozilla_cc2@internetdownloadmanager.com in winreg-app-user
1554329039872addons.xpiDEBUGExisting add-on mozilla_cc@internetdownloadmanager.com in winreg-app-user
1554329039873addons.xpiDEBUGscanForChanges changed: false, state: {}
JavaScript error: resource://gre/modules/addons/XPIProvider.jsm, line 2625: TypeError: addon is null
1554329043195addons.xpiDEBUGCalling bootstrap method shutdown on webcompat@mozilla.org version 3.0.0
1554329043209addons.xpiDEBUGCalling bootstrap method shutdown on screenshots@mozilla.org version 35.0.0
1554329043219addons.xpiDEBUGCalling bootstrap method shutdown on formautofill@mozilla.org version 1.0
[Parent 10872, Gecko_IOThread] WARNING: pipe error: 109: file z:/build/build/src/ipc/chromium/src/chrome/common/ipc_channel_win.cc, line 332
[Parent 10872, Gecko_IOThread] WARNING: pipe error: 109: file z:/build/build/src/ipc/chromium/src/chrome/common/ipc_channel_win.cc, line 332
[Parent 10872, Gecko_IOThread] WARNING: pipe error: 109: file z:/build/build/src/ipc/chromium/src/chrome/common/ipc_channel_win.cc, line 332
[Child 5556, Chrome_ChildThread] WARNING: pipe error: 109: file z:/build/build/src/ipc/chromium/src/chrome/common/ipc_channel_win.cc, line 332
[Child 5556, Chrome_ChildTh1554329043506addons.managerDEBUGshutdown
1554329043508addons.managerDEBUGCalling shutdown blocker for XPIProvider
1554329043508addons.xpiDEBUGshutdown
1554329043509addons.xpi-utilsDEBUGshutdown
1554329043509addons.managerDEBUGCalling shutdown blocker for LightweightThemeManager
1554329043509addons.managerDEBUGCalling shutdown blocker for GMPProvider
1554329043509addons.managerDEBUGCalling shutdown blocker for PluginProvider
1554329043516addons.managerDEBUGAsync provider shutdown done

###!!! [Child][RunMessage] Error: Channel closing: too late to send/recv, messages will be lost

[GPU 12748
###!!! [Child][MessageChannel::SendAndWait] Error: Channel error: cannot send/recv


Build info: version: '2.53.1', revision: 'a36b8b1cd5757287168e54b817830adce9b0158d', time: '2016-06-30 19:26:09'
System info: host: 'Shubho', ip: '192.168.111.1', os.name: 'Windows 10', os.arch: 'amd64', os.version: '10.0', java.version: '1.8.0_181'
Driver info: driver.version: FirefoxDriver
at org.openqa.selenium.firefox.internal.NewProfileExtensionConnection.start(NewProfileExtensionConnection.java:125)
at org.openqa.selenium.firefox.FirefoxDriver.startClient(FirefoxDriver.java:271)
at org.openqa.selenium.remote.RemoteWebDriver.<init>(RemoteWebDriver.java:119)
at org.openqa.selenium.firefox.FirefoxDriver.<init>(FirefoxDriver.java:216)
at org.openqa.selenium.firefox.FirefoxDriver.<init>(FirefoxDriver.java:211)
at org.openqa.selenium.firefox.FirefoxDriver.<init>(FirefoxDriver.java:207)
at org.openqa.selenium.firefox.FirefoxDriver.<init>(FirefoxDriver.java:120)
at tests.ResumeUpdate.beforeClass(ResumeUpdate.java:25)
Caused by: org.openqa.selenium.firefox.NotConnectedException: Unable to connect to host 127.0.0.1 on port 7055 after 45000 ms. Firefox console output:
"location":"app-system-defaults"}
1554329036234addons.xpi-utilsDEBUGUpdating add-on states
1554329036237addons.xpiDEBUGCalling bootstrap method startup on formautofill@mozilla.org version 1.0
1554329036240addons.xpiDEBUGCalling bootstrap method startup on screenshots@mozilla.org version 35.0.0
1554329036241addons.xpiDEBUGCalling bootstrap method startup on webcompat@mozilla.org version 3.0.0
1554329036244addons.managerDEBUGRegistering shutdown blocker for XPIProvider
1554329036244addons.managerDEBUGProvider finished startup: XPIProvider
1554329036244addons.managerDEBUGStarting provider: LightweightThemeManager
1554329036244addons.managerDEBUGRegistering shutdown blocker for LightweightThemeManager
1554329036245addons.managerDEBUGProvider finished startup: LightweightThemeManager
1554329036245addons.managerDEBUGStarting provider: GMPProvider
1554329036248addons.managerDEBUGRegistering shutdown blocker for GMPProvider
1554329036248addons.managerDEBUGProvider finished startup: GMPProvider
1554329036249addons.managerDEBUGStarting provider: PluginProvider
1554329036249addons.managerDEBUGRegistering shutdown blocker for PluginProvider
1554329036249addons.managerDEBUGProvider finished startup: PluginProvider
1554329036256addons.managerDEBUGCompleted startup sequence
1554329038310addons.repositoryDEBUGNo addons.json found.
1554329039779addons.managerDEBUGRegistering upgrade listener for formautofill@mozilla.org
1554329039869addons.xpiDEBUGIgnoring file: name is not a valid add-on ID: C:\Users\user\AppData\Local\Temp\anonymous3212434518169617219webdriver-profile\extensions\webdriver-staging
1554329039870addons.xpiDEBUGExisting add-on formautofill@mozilla.org in app-system-defaults
1554329039870addons.xpiDEBUGExisting add-on screenshots@mozilla.org in app-system-defaults
1554329039871addons.xpiDEBUGExisting add-on webcompat-reporter@mozilla.org in app-system-defaults
1554329039871addons.xpiDEBUGExisting add-on webcompat@mozilla.org in app-system-defaults
1554329039872addons.xpiDEBUGExisting add-on mozilla_cc2@internetdownloadmanager.com in winreg-app-user
1554329039872addons.xpiDEBUGExisting add-on mozilla_cc@internetdownloadmanager.com in winreg-app-user
1554329039873addons.xpiDEBUGscanForChanges changed: false, state: {}
JavaScript error: resource://gre/modules/addons/XPIProvider.jsm, line 2625: TypeError: addon is null
1554329043195addons.xpiDEBUGCalling bootstrap method shutdown on webcompat@mozilla.org version 3.0.0
1554329043209addons.xpiDEBUGCalling bootstrap method shutdown on screenshots@mozilla.org version 35.0.0
1554329043219addons.xpiDEBUGCalling bootstrap method shutdown on formautofill@mozilla.org version 1.0
[Parent 10872, Gecko_IOThread] WARNING: pipe error: 109: file z:/build/build/src/ipc/chromium/src/chrome/common/ipc_channel_win.cc, line 332
[Parent 10872, Gecko_IOThread] WARNING: pipe error: 109: file z:/build/build/src/ipc/chromium/src/chrome/common/ipc_channel_win.cc, line 332
[Parent 10872, Gecko_IOThread] WARNING: pipe error: 109: file z:/build/build/src/ipc/chromium/src/chrome/common/ipc_channel_win.cc, line 332
[Child 5556, Chrome_ChildThread] WARNING: pipe error: 109: file z:/build/build/src/ipc/chromium/src/chrome/common/ipc_channel_win.cc, line 332
[Child 5556, Chrome_ChildTh1554329043506addons.managerDEBUGshutdown
1554329043508addons.managerDEBUGCalling shutdown blocker for XPIProvider
1554329043508addons.xpiDEBUGshutdown
1554329043509addons.xpi-utilsDEBUGshutdown
1554329043509addons.managerDEBUGCalling shutdown blocker for LightweightThemeManager
1554329043509addons.managerDEBUGCalling shutdown blocker for GMPProvider
1554329043509addons.managerDEBUGCalling shutdown blocker for PluginProvider
1554329043516addons.managerDEBUGAsync provider shutdown done

###!!! [Child][RunMessage] Error: Channel closing: too late to send/recv, messages will be lost

[GPU 12748
###!!! [Child][MessageChannel::SendAndWait] Error: Channel error: cannot send/recv


at org.openqa.selenium.firefox.internal.NewProfileExtensionConnection.start(NewProfileExtensionConnection.java:113)
... 31 more
... Removed 24 stack frames]]>
    </failure>
  </testcase> <!-- @BeforeTest beforeClass -->
  <testcase name="@BeforeClass beforeClass" time="0.0" classname="tests.NewTest">
    <skipped/>
  </testcase> <!-- @BeforeClass beforeClass -->
  <testcase name="@AfterClass afterClass" time="0.0" classname="tests.NewTest">
    <skipped/>
  </testcase> <!-- @AfterClass afterClass -->
  <testcase name="@AfterTest afterClass" time="0.0" classname="tests.ResumeUpdate">
    <skipped/>
  </testcase> <!-- @AfterTest afterClass -->
  <testcase name="resumeUpdate" time="0.0" classname="tests.ResumeUpdate">
    <skipped/>
  </testcase> <!-- resumeUpdate -->
  <testcase name="openMyBlog" time="0.0" classname="tests.NewTest">
    <skipped/>
  </testcase> <!-- openMyBlog -->
</testsuite> <!-- Test2 -->
